INFO:     Will watch for changes in these directories: ['/Users/turjomazumder/Antigravity Project/Jira Project/backend']
INFO:     Uvicorn running on http://0.0.0.0:8000 (Press CTRL+C to quit)
INFO:     Started reloader process [93947] using WatchFiles
INFO:     Started server process [94004]
INFO:     Waiting for application startup.
{"environment": "local", "event": "app.starting", "level": "info", "timestamp": "2026-05-17T18:51:33.139672Z"}
{"event": "Initializing WebSocket Redis pub/sub", "level": "info", "timestamp": "2026-05-17T18:51:33.139727Z"}
Redis pub/sub initialized
INFO:     Application startup complete.
Redis pub/sub setup failed: Error 8 connecting to redis:6379. 8.
WARNING:  WatchFiles detected changes in 'app/core/config.py'. Reloading...
INFO:     Shutting down
INFO:     Waiting for application shutdown.
{"event": "app.stopping", "level": "info", "timestamp": "2026-05-17T18:57:10.947536Z"}
Redis connection closed
INFO:     Application shutdown complete.
INFO:     Finished server process [94004]
INFO:     Started server process [96637]
INFO:     Waiting for application startup.
{"environment": "local", "event": "app.starting", "level": "info", "timestamp": "2026-05-17T18:57:12.160637Z"}
{"event": "Initializing WebSocket Redis pub/sub", "level": "info", "timestamp": "2026-05-17T18:57:12.160693Z"}
Redis pub/sub initialized
INFO:     Application startup complete.
Redis pub/sub setup failed: Error 8 connecting to redis:6379. 8.
WARNING:  WatchFiles detected changes in 'app/services/auth.py'. Reloading...
INFO:     Shutting down
INFO:     Waiting for application shutdown.
{"event": "app.stopping", "level": "info", "timestamp": "2026-05-17T18:57:36.954301Z"}
Redis connection closed
INFO:     Application shutdown complete.
INFO:     Finished server process [96637]
Process SpawnProcess-3:
Traceback (most recent call last):
  File "/Library/Developer/CommandLineTools/Library/Frameworks/Python3.framework/Versions/3.9/lib/python3.9/multiprocessing/process.py", line 315, in _bootstrap
    self.run()
  File "/Library/Developer/CommandLineTools/Library/Frameworks/Python3.framework/Versions/3.9/lib/python3.9/multiprocessing/process.py", line 108, in run
    self._target(*self._args, **self._kwargs)
  File "/Users/turjomazumder/Antigravity Project/Jira Project/backend/venv/lib/python3.9/site-packages/uvicorn/_subprocess.py", line 78, in subprocess_started
    target(sockets=sockets)
  File "/Users/turjomazumder/Antigravity Project/Jira Project/backend/venv/lib/python3.9/site-packages/uvicorn/server.py", line 65, in run
    return asyncio.run(self.serve(sockets=sockets))
  File "/Library/Developer/CommandLineTools/Library/Frameworks/Python3.framework/Versions/3.9/lib/python3.9/asyncio/runners.py", line 44, in run
    return loop.run_until_complete(main)
  File "uvloop/loop.pyx", line 1518, in uvloop.loop.Loop.run_until_complete
  File "/Users/turjomazumder/Antigravity Project/Jira Project/backend/venv/lib/python3.9/site-packages/uvicorn/server.py", line 69, in serve
    await self._serve(sockets)
  File "/Users/turjomazumder/Antigravity Project/Jira Project/backend/venv/lib/python3.9/site-packages/uvicorn/server.py", line 76, in _serve
    config.load()
  File "/Users/turjomazumder/Antigravity Project/Jira Project/backend/venv/lib/python3.9/site-packages/uvicorn/config.py", line 433, in load
    self.loaded_app = import_from_string(self.app)
  File "/Users/turjomazumder/Antigravity Project/Jira Project/backend/venv/lib/python3.9/site-packages/uvicorn/importer.py", line 19, in import_from_string
    module = importlib.import_module(module_str)
  File "/Library/Developer/CommandLineTools/Library/Frameworks/Python3.framework/Versions/3.9/lib/python3.9/importlib/__init__.py", line 127, in import_module
    return _bootstrap._gcd_import(name[level:], package, level)
  File "<frozen importlib._bootstrap>", line 1030, in _gcd_import
  File "<frozen importlib._bootstrap>", line 1007, in _find_and_load
  File "<frozen importlib._bootstrap>", line 986, in _find_and_load_unlocked
  File "<frozen importlib._bootstrap>", line 680, in _load_unlocked
  File "<frozen importlib._bootstrap_external>", line 850, in exec_module
  File "<frozen importlib._bootstrap>", line 228, in _call_with_frames_removed
  File "/Users/turjomazumder/Antigravity Project/Jira Project/backend/app/main.py", line 10, in <module>
    from app.routers import health, dashboard, auth, teams, developers
  File "/Users/turjomazumder/Antigravity Project/Jira Project/backend/app/routers/dashboard.py", line 12, in <module>
    from app.services import MetricsService
  File "/Users/turjomazumder/Antigravity Project/Jira Project/backend/app/services/__init__.py", line 2, in <module>
    from .auth import JiraOAuth2Service, TokenService
ImportError: cannot import name 'JiraOAuth2Service' from 'app.services.auth' (/Users/turjomazumder/Antigravity Project/Jira Project/backend/app/services/auth.py)
WARNING:  WatchFiles detected changes in 'app/routers/auth.py'. Reloading...
Process SpawnProcess-4:
Traceback (most recent call last):
  File "/Library/Developer/CommandLineTools/Library/Frameworks/Python3.framework/Versions/3.9/lib/python3.9/multiprocessing/process.py", line 315, in _bootstrap
    self.run()
  File "/Library/Developer/CommandLineTools/Library/Frameworks/Python3.framework/Versions/3.9/lib/python3.9/multiprocessing/process.py", line 108, in run
    self._target(*self._args, **self._kwargs)
  File "/Users/turjomazumder/Antigravity Project/Jira Project/backend/venv/lib/python3.9/site-packages/uvicorn/_subprocess.py", line 78, in subprocess_started
    target(sockets=sockets)
  File "/Users/turjomazumder/Antigravity Project/Jira Project/backend/venv/lib/python3.9/site-packages/uvicorn/server.py", line 65, in run
    return asyncio.run(self.serve(sockets=sockets))
  File "/Library/Developer/CommandLineTools/Library/Frameworks/Python3.framework/Versions/3.9/lib/python3.9/asyncio/runners.py", line 44, in run
    return loop.run_until_complete(main)
  File "uvloop/loop.pyx", line 1518, in uvloop.loop.Loop.run_until_complete
  File "/Users/turjomazumder/Antigravity Project/Jira Project/backend/venv/lib/python3.9/site-packages/uvicorn/server.py", line 69, in serve
    await self._serve(sockets)
  File "/Users/turjomazumder/Antigravity Project/Jira Project/backend/venv/lib/python3.9/site-packages/uvicorn/server.py", line 76, in _serve
    config.load()
  File "/Users/turjomazumder/Antigravity Project/Jira Project/backend/venv/lib/python3.9/site-packages/uvicorn/config.py", line 433, in load
    self.loaded_app = import_from_string(self.app)
  File "/Users/turjomazumder/Antigravity Project/Jira Project/backend/venv/lib/python3.9/site-packages/uvicorn/importer.py", line 19, in import_from_string
    module = importlib.import_module(module_str)
  File "/Library/Developer/CommandLineTools/Library/Frameworks/Python3.framework/Versions/3.9/lib/python3.9/importlib/__init__.py", line 127, in import_module
    return _bootstrap._gcd_import(name[level:], package, level)
  File "<frozen importlib._bootstrap>", line 1030, in _gcd_import
  File "<frozen importlib._bootstrap>", line 1007, in _find_and_load
  File "<frozen importlib._bootstrap>", line 986, in _find_and_load_unlocked
  File "<frozen importlib._bootstrap>", line 680, in _load_unlocked
  File "<frozen importlib._bootstrap_external>", line 850, in exec_module
  File "<frozen importlib._bootstrap>", line 228, in _call_with_frames_removed
  File "/Users/turjomazumder/Antigravity Project/Jira Project/backend/app/main.py", line 10, in <module>
    from app.routers import health, dashboard, auth, teams, developers
  File "/Users/turjomazumder/Antigravity Project/Jira Project/backend/app/routers/dashboard.py", line 12, in <module>
    from app.services import MetricsService
  File "/Users/turjomazumder/Antigravity Project/Jira Project/backend/app/services/__init__.py", line 2, in <module>
    from .auth import JiraOAuth2Service, TokenService
ImportError: cannot import name 'JiraOAuth2Service' from 'app.services.auth' (/Users/turjomazumder/Antigravity Project/Jira Project/backend/app/services/auth.py)
WARNING:  WatchFiles detected changes in 'app/routers/auth.py'. Reloading...
Process SpawnProcess-5:
Traceback (most recent call last):
  File "/Library/Developer/CommandLineTools/Library/Frameworks/Python3.framework/Versions/3.9/lib/python3.9/multiprocessing/process.py", line 315, in _bootstrap
    self.run()
  File "/Library/Developer/CommandLineTools/Library/Frameworks/Python3.framework/Versions/3.9/lib/python3.9/multiprocessing/process.py", line 108, in run
    self._target(*self._args, **self._kwargs)
  File "/Users/turjomazumder/Antigravity Project/Jira Project/backend/venv/lib/python3.9/site-packages/uvicorn/_subprocess.py", line 78, in subprocess_started
    target(sockets=sockets)
  File "/Users/turjomazumder/Antigravity Project/Jira Project/backend/venv/lib/python3.9/site-packages/uvicorn/server.py", line 65, in run
    return asyncio.run(self.serve(sockets=sockets))
  File "/Library/Developer/CommandLineTools/Library/Frameworks/Python3.framework/Versions/3.9/lib/python3.9/asyncio/runners.py", line 44, in run
    return loop.run_until_complete(main)
  File "uvloop/loop.pyx", line 1518, in uvloop.loop.Loop.run_until_complete
  File "/Users/turjomazumder/Antigravity Project/Jira Project/backend/venv/lib/python3.9/site-packages/uvicorn/server.py", line 69, in serve
    await self._serve(sockets)
  File "/Users/turjomazumder/Antigravity Project/Jira Project/backend/venv/lib/python3.9/site-packages/uvicorn/server.py", line 76, in _serve
    config.load()
  File "/Users/turjomazumder/Antigravity Project/Jira Project/backend/venv/lib/python3.9/site-packages/uvicorn/config.py", line 433, in load
    self.loaded_app = import_from_string(self.app)
  File "/Users/turjomazumder/Antigravity Project/Jira Project/backend/venv/lib/python3.9/site-packages/uvicorn/importer.py", line 19, in import_from_string
    module = importlib.import_module(module_str)
  File "/Library/Developer/CommandLineTools/Library/Frameworks/Python3.framework/Versions/3.9/lib/python3.9/importlib/__init__.py", line 127, in import_module
    return _bootstrap._gcd_import(name[level:], package, level)
  File "<frozen importlib._bootstrap>", line 1030, in _gcd_import
  File "<frozen importlib._bootstrap>", line 1007, in _find_and_load
  File "<frozen importlib._bootstrap>", line 986, in _find_and_load_unlocked
  File "<frozen importlib._bootstrap>", line 680, in _load_unlocked
  File "<frozen importlib._bootstrap_external>", line 850, in exec_module
  File "<frozen importlib._bootstrap>", line 228, in _call_with_frames_removed
  File "/Users/turjomazumder/Antigravity Project/Jira Project/backend/app/main.py", line 10, in <module>
    from app.routers import health, dashboard, auth, teams, developers
  File "/Users/turjomazumder/Antigravity Project/Jira Project/backend/app/routers/dashboard.py", line 12, in <module>
    from app.services import MetricsService
  File "/Users/turjomazumder/Antigravity Project/Jira Project/backend/app/services/__init__.py", line 2, in <module>
    from .auth import JiraOAuth2Service, TokenService
ImportError: cannot import name 'JiraOAuth2Service' from 'app.services.auth' (/Users/turjomazumder/Antigravity Project/Jira Project/backend/app/services/auth.py)
WARNING:  WatchFiles detected changes in 'app/routers/auth.py'. Reloading...
Process SpawnProcess-6:
Traceback (most recent call last):
  File "/Library/Developer/CommandLineTools/Library/Frameworks/Python3.framework/Versions/3.9/lib/python3.9/multiprocessing/process.py", line 315, in _bootstrap
    self.run()
  File "/Library/Developer/CommandLineTools/Library/Frameworks/Python3.framework/Versions/3.9/lib/python3.9/multiprocessing/process.py", line 108, in run
    self._target(*self._args, **self._kwargs)
  File "/Users/turjomazumder/Antigravity Project/Jira Project/backend/venv/lib/python3.9/site-packages/uvicorn/_subprocess.py", line 78, in subprocess_started
    target(sockets=sockets)
  File "/Users/turjomazumder/Antigravity Project/Jira Project/backend/venv/lib/python3.9/site-packages/uvicorn/server.py", line 65, in run
    return asyncio.run(self.serve(sockets=sockets))
  File "/Library/Developer/CommandLineTools/Library/Frameworks/Python3.framework/Versions/3.9/lib/python3.9/asyncio/runners.py", line 44, in run
    return loop.run_until_complete(main)
  File "uvloop/loop.pyx", line 1518, in uvloop.loop.Loop.run_until_complete
  File "/Users/turjomazumder/Antigravity Project/Jira Project/backend/venv/lib/python3.9/site-packages/uvicorn/server.py", line 69, in serve
    await self._serve(sockets)
  File "/Users/turjomazumder/Antigravity Project/Jira Project/backend/venv/lib/python3.9/site-packages/uvicorn/server.py", line 76, in _serve
    config.load()
  File "/Users/turjomazumder/Antigravity Project/Jira Project/backend/venv/lib/python3.9/site-packages/uvicorn/config.py", line 433, in load
    self.loaded_app = import_from_string(self.app)
  File "/Users/turjomazumder/Antigravity Project/Jira Project/backend/venv/lib/python3.9/site-packages/uvicorn/importer.py", line 19, in import_from_string
    module = importlib.import_module(module_str)
  File "/Library/Developer/CommandLineTools/Library/Frameworks/Python3.framework/Versions/3.9/lib/python3.9/importlib/__init__.py", line 127, in import_module
    return _bootstrap._gcd_import(name[level:], package, level)
  File "<frozen importlib._bootstrap>", line 1030, in _gcd_import
  File "<frozen importlib._bootstrap>", line 1007, in _find_and_load
  File "<frozen importlib._bootstrap>", line 986, in _find_and_load_unlocked
  File "<frozen importlib._bootstrap>", line 680, in _load_unlocked
  File "<frozen importlib._bootstrap_external>", line 850, in exec_module
  File "<frozen importlib._bootstrap>", line 228, in _call_with_frames_removed
  File "/Users/turjomazumder/Antigravity Project/Jira Project/backend/app/main.py", line 10, in <module>
    from app.routers import health, dashboard, auth, teams, developers
  File "/Users/turjomazumder/Antigravity Project/Jira Project/backend/app/routers/dashboard.py", line 12, in <module>
    from app.services import MetricsService
  File "/Users/turjomazumder/Antigravity Project/Jira Project/backend/app/services/__init__.py", line 2, in <module>
    from .auth import JiraOAuth2Service, TokenService
ImportError: cannot import name 'JiraOAuth2Service' from 'app.services.auth' (/Users/turjomazumder/Antigravity Project/Jira Project/backend/app/services/auth.py)
WARNING:  WatchFiles detected changes in 'app/routers/auth.py'. Reloading...
Process SpawnProcess-7:
Traceback (most recent call last):
  File "/Library/Developer/CommandLineTools/Library/Frameworks/Python3.framework/Versions/3.9/lib/python3.9/multiprocessing/process.py", line 315, in _bootstrap
    self.run()
  File "/Library/Developer/CommandLineTools/Library/Frameworks/Python3.framework/Versions/3.9/lib/python3.9/multiprocessing/process.py", line 108, in run
    self._target(*self._args, **self._kwargs)
  File "/Users/turjomazumder/Antigravity Project/Jira Project/backend/venv/lib/python3.9/site-packages/uvicorn/_subprocess.py", line 78, in subprocess_started
    target(sockets=sockets)
  File "/Users/turjomazumder/Antigravity Project/Jira Project/backend/venv/lib/python3.9/site-packages/uvicorn/server.py", line 65, in run
    return asyncio.run(self.serve(sockets=sockets))
  File "/Library/Developer/CommandLineTools/Library/Frameworks/Python3.framework/Versions/3.9/lib/python3.9/asyncio/runners.py", line 44, in run
    return loop.run_until_complete(main)
  File "uvloop/loop.pyx", line 1518, in uvloop.loop.Loop.run_until_complete
  File "/Users/turjomazumder/Antigravity Project/Jira Project/backend/venv/lib/python3.9/site-packages/uvicorn/server.py", line 69, in serve
    await self._serve(sockets)
  File "/Users/turjomazumder/Antigravity Project/Jira Project/backend/venv/lib/python3.9/site-packages/uvicorn/server.py", line 76, in _serve
    config.load()
  File "/Users/turjomazumder/Antigravity Project/Jira Project/backend/venv/lib/python3.9/site-packages/uvicorn/config.py", line 433, in load
    self.loaded_app = import_from_string(self.app)
  File "/Users/turjomazumder/Antigravity Project/Jira Project/backend/venv/lib/python3.9/site-packages/uvicorn/importer.py", line 19, in import_from_string
    module = importlib.import_module(module_str)
  File "/Library/Developer/CommandLineTools/Library/Frameworks/Python3.framework/Versions/3.9/lib/python3.9/importlib/__init__.py", line 127, in import_module
    return _bootstrap._gcd_import(name[level:], package, level)
  File "<frozen importlib._bootstrap>", line 1030, in _gcd_import
  File "<frozen importlib._bootstrap>", line 1007, in _find_and_load
  File "<frozen importlib._bootstrap>", line 986, in _find_and_load_unlocked
  File "<frozen importlib._bootstrap>", line 680, in _load_unlocked
  File "<frozen importlib._bootstrap_external>", line 850, in exec_module
  File "<frozen importlib._bootstrap>", line 228, in _call_with_frames_removed
  File "/Users/turjomazumder/Antigravity Project/Jira Project/backend/app/main.py", line 10, in <module>
    from app.routers import health, dashboard, auth, teams, developers
  File "/Users/turjomazumder/Antigravity Project/Jira Project/backend/app/routers/dashboard.py", line 12, in <module>
    from app.services import MetricsService
  File "/Users/turjomazumder/Antigravity Project/Jira Project/backend/app/services/__init__.py", line 2, in <module>
    from .auth import JiraOAuth2Service, TokenService
ImportError: cannot import name 'JiraOAuth2Service' from 'app.services.auth' (/Users/turjomazumder/Antigravity Project/Jira Project/backend/app/services/auth.py)
WARNING:  WatchFiles detected changes in 'tests/test_auth.py'. Reloading...
Process SpawnProcess-8:
Traceback (most recent call last):
  File "/Library/Developer/CommandLineTools/Library/Frameworks/Python3.framework/Versions/3.9/lib/python3.9/multiprocessing/process.py", line 315, in _bootstrap
    self.run()
  File "/Library/Developer/CommandLineTools/Library/Frameworks/Python3.framework/Versions/3.9/lib/python3.9/multiprocessing/process.py", line 108, in run
    self._target(*self._args, **self._kwargs)
  File "/Users/turjomazumder/Antigravity Project/Jira Project/backend/venv/lib/python3.9/site-packages/uvicorn/_subprocess.py", line 78, in subprocess_started
    target(sockets=sockets)
  File "/Users/turjomazumder/Antigravity Project/Jira Project/backend/venv/lib/python3.9/site-packages/uvicorn/server.py", line 65, in run
    return asyncio.run(self.serve(sockets=sockets))
  File "/Library/Developer/CommandLineTools/Library/Frameworks/Python3.framework/Versions/3.9/lib/python3.9/asyncio/runners.py", line 44, in run
    return loop.run_until_complete(main)
  File "uvloop/loop.pyx", line 1518, in uvloop.loop.Loop.run_until_complete
  File "/Users/turjomazumder/Antigravity Project/Jira Project/backend/venv/lib/python3.9/site-packages/uvicorn/server.py", line 69, in serve
    await self._serve(sockets)
  File "/Users/turjomazumder/Antigravity Project/Jira Project/backend/venv/lib/python3.9/site-packages/uvicorn/server.py", line 76, in _serve
    config.load()
  File "/Users/turjomazumder/Antigravity Project/Jira Project/backend/venv/lib/python3.9/site-packages/uvicorn/config.py", line 433, in load
    self.loaded_app = import_from_string(self.app)
  File "/Users/turjomazumder/Antigravity Project/Jira Project/backend/venv/lib/python3.9/site-packages/uvicorn/importer.py", line 19, in import_from_string
    module = importlib.import_module(module_str)
  File "/Library/Developer/CommandLineTools/Library/Frameworks/Python3.framework/Versions/3.9/lib/python3.9/importlib/__init__.py", line 127, in import_module
    return _bootstrap._gcd_import(name[level:], package, level)
  File "<frozen importlib._bootstrap>", line 1030, in _gcd_import
  File "<frozen importlib._bootstrap>", line 1007, in _find_and_load
  File "<frozen importlib._bootstrap>", line 986, in _find_and_load_unlocked
  File "<frozen importlib._bootstrap>", line 680, in _load_unlocked
  File "<frozen importlib._bootstrap_external>", line 850, in exec_module
  File "<frozen importlib._bootstrap>", line 228, in _call_with_frames_removed
  File "/Users/turjomazumder/Antigravity Project/Jira Project/backend/app/main.py", line 10, in <module>
    from app.routers import health, dashboard, auth, teams, developers
  File "/Users/turjomazumder/Antigravity Project/Jira Project/backend/app/routers/dashboard.py", line 12, in <module>
    from app.services import MetricsService
  File "/Users/turjomazumder/Antigravity Project/Jira Project/backend/app/services/__init__.py", line 2, in <module>
    from .auth import JiraOAuth2Service, TokenService
ImportError: cannot import name 'JiraOAuth2Service' from 'app.services.auth' (/Users/turjomazumder/Antigravity Project/Jira Project/backend/app/services/auth.py)
WARNING:  WatchFiles detected changes in 'tests/test_auth.py'. Reloading...
Process SpawnProcess-9:
Traceback (most recent call last):
  File "/Library/Developer/CommandLineTools/Library/Frameworks/Python3.framework/Versions/3.9/lib/python3.9/multiprocessing/process.py", line 315, in _bootstrap
    self.run()
  File "/Library/Developer/CommandLineTools/Library/Frameworks/Python3.framework/Versions/3.9/lib/python3.9/multiprocessing/process.py", line 108, in run
    self._target(*self._args, **self._kwargs)
  File "/Users/turjomazumder/Antigravity Project/Jira Project/backend/venv/lib/python3.9/site-packages/uvicorn/_subprocess.py", line 78, in subprocess_started
    target(sockets=sockets)
  File "/Users/turjomazumder/Antigravity Project/Jira Project/backend/venv/lib/python3.9/site-packages/uvicorn/server.py", line 65, in run
    return asyncio.run(self.serve(sockets=sockets))
  File "/Library/Developer/CommandLineTools/Library/Frameworks/Python3.framework/Versions/3.9/lib/python3.9/asyncio/runners.py", line 44, in run
    return loop.run_until_complete(main)
  File "uvloop/loop.pyx", line 1518, in uvloop.loop.Loop.run_until_complete
  File "/Users/turjomazumder/Antigravity Project/Jira Project/backend/venv/lib/python3.9/site-packages/uvicorn/server.py", line 69, in serve
    await self._serve(sockets)
  File "/Users/turjomazumder/Antigravity Project/Jira Project/backend/venv/lib/python3.9/site-packages/uvicorn/server.py", line 76, in _serve
    config.load()
  File "/Users/turjomazumder/Antigravity Project/Jira Project/backend/venv/lib/python3.9/site-packages/uvicorn/config.py", line 433, in load
    self.loaded_app = import_from_string(self.app)
  File "/Users/turjomazumder/Antigravity Project/Jira Project/backend/venv/lib/python3.9/site-packages/uvicorn/importer.py", line 19, in import_from_string
    module = importlib.import_module(module_str)
  File "/Library/Developer/CommandLineTools/Library/Frameworks/Python3.framework/Versions/3.9/lib/python3.9/importlib/__init__.py", line 127, in import_module
    return _bootstrap._gcd_import(name[level:], package, level)
  File "<frozen importlib._bootstrap>", line 1030, in _gcd_import
  File "<frozen importlib._bootstrap>", line 1007, in _find_and_load
  File "<frozen importlib._bootstrap>", line 986, in _find_and_load_unlocked
  File "<frozen importlib._bootstrap>", line 680, in _load_unlocked
  File "<frozen importlib._bootstrap_external>", line 850, in exec_module
  File "<frozen importlib._bootstrap>", line 228, in _call_with_frames_removed
  File "/Users/turjomazumder/Antigravity Project/Jira Project/backend/app/main.py", line 10, in <module>
    from app.routers import health, dashboard, auth, teams, developers
  File "/Users/turjomazumder/Antigravity Project/Jira Project/backend/app/routers/dashboard.py", line 12, in <module>
    from app.services import MetricsService
  File "/Users/turjomazumder/Antigravity Project/Jira Project/backend/app/services/__init__.py", line 2, in <module>
    from .auth import JiraOAuth2Service, TokenService
ImportError: cannot import name 'JiraOAuth2Service' from 'app.services.auth' (/Users/turjomazumder/Antigravity Project/Jira Project/backend/app/services/auth.py)
WARNING:  WatchFiles detected changes in 'tests/test_auth.py'. Reloading...
Process SpawnProcess-10:
Traceback (most recent call last):
  File "/Library/Developer/CommandLineTools/Library/Frameworks/Python3.framework/Versions/3.9/lib/python3.9/multiprocessing/process.py", line 315, in _bootstrap
    self.run()
  File "/Library/Developer/CommandLineTools/Library/Frameworks/Python3.framework/Versions/3.9/lib/python3.9/multiprocessing/process.py", line 108, in run
    self._target(*self._args, **self._kwargs)
  File "/Users/turjomazumder/Antigravity Project/Jira Project/backend/venv/lib/python3.9/site-packages/uvicorn/_subprocess.py", line 78, in subprocess_started
    target(sockets=sockets)
  File "/Users/turjomazumder/Antigravity Project/Jira Project/backend/venv/lib/python3.9/site-packages/uvicorn/server.py", line 65, in run
    return asyncio.run(self.serve(sockets=sockets))
  File "/Library/Developer/CommandLineTools/Library/Frameworks/Python3.framework/Versions/3.9/lib/python3.9/asyncio/runners.py", line 44, in run
    return loop.run_until_complete(main)
  File "uvloop/loop.pyx", line 1518, in uvloop.loop.Loop.run_until_complete
  File "/Users/turjomazumder/Antigravity Project/Jira Project/backend/venv/lib/python3.9/site-packages/uvicorn/server.py", line 69, in serve
    await self._serve(sockets)
  File "/Users/turjomazumder/Antigravity Project/Jira Project/backend/venv/lib/python3.9/site-packages/uvicorn/server.py", line 76, in _serve
    config.load()
  File "/Users/turjomazumder/Antigravity Project/Jira Project/backend/venv/lib/python3.9/site-packages/uvicorn/config.py", line 433, in load
    self.loaded_app = import_from_string(self.app)
  File "/Users/turjomazumder/Antigravity Project/Jira Project/backend/venv/lib/python3.9/site-packages/uvicorn/importer.py", line 19, in import_from_string
    module = importlib.import_module(module_str)
  File "/Library/Developer/CommandLineTools/Library/Frameworks/Python3.framework/Versions/3.9/lib/python3.9/importlib/__init__.py", line 127, in import_module
    return _bootstrap._gcd_import(name[level:], package, level)
  File "<frozen importlib._bootstrap>", line 1030, in _gcd_import
  File "<frozen importlib._bootstrap>", line 1007, in _find_and_load
  File "<frozen importlib._bootstrap>", line 986, in _find_and_load_unlocked
  File "<frozen importlib._bootstrap>", line 680, in _load_unlocked
  File "<frozen importlib._bootstrap_external>", line 850, in exec_module
  File "<frozen importlib._bootstrap>", line 228, in _call_with_frames_removed
  File "/Users/turjomazumder/Antigravity Project/Jira Project/backend/app/main.py", line 10, in <module>
    from app.routers import health, dashboard, auth, teams, developers
  File "/Users/turjomazumder/Antigravity Project/Jira Project/backend/app/routers/dashboard.py", line 12, in <module>
    from app.services import MetricsService
  File "/Users/turjomazumder/Antigravity Project/Jira Project/backend/app/services/__init__.py", line 2, in <module>
    from .auth import JiraOAuth2Service, TokenService
ImportError: cannot import name 'JiraOAuth2Service' from 'app.services.auth' (/Users/turjomazumder/Antigravity Project/Jira Project/backend/app/services/auth.py)
WARNING:  WatchFiles detected changes in 'app/services/__init__.py'. Reloading...
INFO:     Started server process [298]
INFO:     Waiting for application startup.
{"environment": "local", "event": "app.starting", "level": "info", "timestamp": "2026-05-17T18:59:09.524020Z"}
{"event": "Initializing WebSocket Redis pub/sub", "level": "info", "timestamp": "2026-05-17T18:59:09.524084Z"}
Redis pub/sub initialized
INFO:     Application startup complete.
Redis pub/sub setup failed: Error 8 connecting to redis:6379. 8.
WARNING:  WatchFiles detected changes in 'app/services/auth.py'. Reloading...
INFO:     Shutting down
INFO:     Waiting for application shutdown.
{"event": "app.stopping", "level": "info", "timestamp": "2026-05-17T19:06:33.041898Z"}
Redis connection closed
INFO:     Application shutdown complete.
INFO:     Finished server process [298]
INFO:     Started server process [2166]
INFO:     Waiting for application startup.
{"environment": "local", "event": "app.starting", "level": "info", "timestamp": "2026-05-17T19:06:34.980622Z"}
{"event": "Initializing WebSocket Redis pub/sub", "level": "info", "timestamp": "2026-05-17T19:06:34.980684Z"}
Redis pub/sub initialized
INFO:     Application startup complete.
Redis pub/sub setup failed: Error 8 connecting to redis:6379. 8.
